ERROR - 2025-11-11 16:22:25 --> mysqli_sql_exception: Unknown table 'items' in field list in C:\xampp\htdocs\CHAKANOKS-1\system\Database\MySQLi\Connection.php:327
Stack trace:
#0 C:\xampp\htdocs\CHAKANOKS-1\system\Database\MySQLi\Connection.php(327): mysqli->query('SELECT COALESCE...', 0)
#1 C:\xampp\htdocs\CHAKANOKS-1\system\Database\BaseConnection.php(729): CodeIgniter\Database\MySQLi\Connection->execute('SELECT COALESCE...')
#2 C:\xampp\htdocs\CHAKANOKS-1\system\Database\BaseConnection.php(646): CodeIgniter\Database\BaseConnection->simpleQuery('SELECT COALESCE...')
#3 C:\xampp\htdocs\CHAKANOKS-1\app\Controllers\Dashboard.php(57): CodeIgniter\Database\BaseConnection->query('SELECT COALESCE...')
#4 C:\xampp\htdocs\CHAKANOKS-1\app\Controllers\Dashboard.php(22): App\Controllers\Dashboard->adminDashboard()
#5 C:\xampp\htdocs\CHAKANOKS-1\system\CodeIgniter.php(933): App\Controllers\Dashboard->index()
#6 C:\xampp\htdocs\CHAKANOKS-1\system\CodeIgniter.php(507): CodeIgniter\CodeIgniter->runController(Object(App\Controllers\Dashboard))
#7 C:\xampp\htdocs\CHAKANOKS-1\system\CodeIgniter.php(354): CodeIgniter\CodeIgniter->handleRequest(NULL, Object(Config\Cache), false)
#8 C:\xampp\htdocs\CHAKANOKS-1\system\Boot.php(363): CodeIgniter\CodeIgniter->run()
#9 C:\xampp\htdocs\CHAKANOKS-1\system\Boot.php(68): CodeIgniter\Boot::runCodeIgniter(Object(CodeIgniter\CodeIgniter))
#10 C:\xampp\htdocs\CHAKANOKS-1\index.php(59): CodeIgniter\Boot::bootWeb(Object(Config\Paths))
#11 {main}
CRITICAL - 2025-11-11 16:22:25 --> CodeIgniter\Database\Exceptions\DatabaseException: Unknown table 'items' in field list
[Method: GET, Route: dashboard]
in SYSTEMPATH\Database\BaseConnection.php on line 684.
 1 APPPATH\Controllers\Dashboard.php(57): CodeIgniter\Database\BaseConnection->query('SELECT COALESCE(items.min_stock, 10)')
 2 APPPATH\Controllers\Dashboard.php(22): App\Controllers\Dashboard->adminDashboard()
 3 SYSTEMPATH\CodeIgniter.php(933): App\Controllers\Dashboard->index()
 4 SYSTEMPATH\CodeIgniter.php(507): CodeIgniter\CodeIgniter->runController(Object(App\Controllers\Dashboard))
 5 SYSTEMPATH\CodeIgniter.php(354): CodeIgniter\CodeIgniter->handleRequest(null, Object(Config\Cache), false)
 6 SYSTEMPATH\Boot.php(363): CodeIgniter\CodeIgniter->run()
 7 SYSTEMPATH\Boot.php(68): CodeIgniter\Boot::runCodeIgniter(Object(CodeIgniter\CodeIgniter))
 8 FCPATH\index.php(59): CodeIgniter\Boot::bootWeb(Object(Config\Paths))
CRITICAL - 2025-11-11 16:22:25 --> [Caused by] CodeIgniter\Database\Exceptions\DatabaseException: Unknown table 'items' in field list
in SYSTEMPATH\Database\MySQLi\Connection.php on line 332.
 1 SYSTEMPATH\Database\BaseConnection.php(729): CodeIgniter\Database\MySQLi\Connection->execute('SELECT COALESCE(items.min_stock, 10)')
 2 SYSTEMPATH\Database\BaseConnection.php(646): CodeIgniter\Database\BaseConnection->simpleQuery('SELECT COALESCE(items.min_stock, 10)')
 3 APPPATH\Controllers\Dashboard.php(57): CodeIgniter\Database\BaseConnection->query('SELECT COALESCE(items.min_stock, 10)')
 4 APPPATH\Controllers\Dashboard.php(22): App\Controllers\Dashboard->adminDashboard()
 5 SYSTEMPATH\CodeIgniter.php(933): App\Controllers\Dashboard->index()
 6 SYSTEMPATH\CodeIgniter.php(507): CodeIgniter\CodeIgniter->runController(Object(App\Controllers\Dashboard))
 7 SYSTEMPATH\CodeIgniter.php(354): CodeIgniter\CodeIgniter->handleRequest(null, Object(Config\Cache), false)
 8 SYSTEMPATH\Boot.php(363): CodeIgniter\CodeIgniter->run()
 9 SYSTEMPATH\Boot.php(68): CodeIgniter\Boot::runCodeIgniter(Object(CodeIgniter\CodeIgniter))
10 FCPATH\index.php(59): CodeIgniter\Boot::bootWeb(Object(Config\Paths))
CRITICAL - 2025-11-11 16:22:25 --> [Caused by] mysqli_sql_exception: Unknown table 'items' in field list
in SYSTEMPATH\Database\MySQLi\Connection.php on line 327.
 1 SYSTEMPATH\Database\MySQLi\Connection.php(327): mysqli->query('SELECT COALESCE(items.min_stock, 10)', 0)
 2 SYSTEMPATH\Database\BaseConnection.php(729): CodeIgniter\Database\MySQLi\Connection->execute('SELECT COALESCE(items.min_stock, 10)')
 3 SYSTEMPATH\Database\BaseConnection.php(646): CodeIgniter\Database\BaseConnection->simpleQuery('SELECT COALESCE(items.min_stock, 10)')
 4 APPPATH\Controllers\Dashboard.php(57): CodeIgniter\Database\BaseConnection->query('SELECT COALESCE(items.min_stock, 10)')
 5 APPPATH\Controllers\Dashboard.php(22): App\Controllers\Dashboard->adminDashboard()
 6 SYSTEMPATH\CodeIgniter.php(933): App\Controllers\Dashboard->index()
 7 SYSTEMPATH\CodeIgniter.php(507): CodeIgniter\CodeIgniter->runController(Object(App\Controllers\Dashboard))
 8 SYSTEMPATH\CodeIgniter.php(354): CodeIgniter\CodeIgniter->handleRequest(null, Object(Config\Cache), false)
 9 SYSTEMPATH\Boot.php(363): CodeIgniter\CodeIgniter->run()
10 SYSTEMPATH\Boot.php(68): CodeIgniter\Boot::runCodeIgniter(Object(CodeIgniter\CodeIgniter))
11 FCPATH\index.php(59): CodeIgniter\Boot::bootWeb(Object(Config\Paths))
